++(release.sh:256): main(): readopt --version-syndesis
++(release.sh:55): readopt(): filters=--version-syndesis
++(release.sh:56): readopt(): next=false
++(release.sh:57): readopt(): for var in "${ARGS[@]:-}"
++(release.sh:58): readopt(): false
++(release.sh:62): readopt(): for filter in $filters
++(release.sh:63): readopt(): [[ --version-syndesis = --version-syndesis* ]]
++(release.sh:64): readopt(): local value=--version-syndesis
++(release.sh:65): readopt(): '[' --version-syndesis '!=' --version-syndesis ']'
++(release.sh:69): readopt(): next=true
++(release.sh:57): readopt(): for var in "${ARGS[@]:-}"
++(release.sh:58): readopt(): true
++(release.sh:59): readopt(): echo 1.3.5
++(release.sh:60): readopt(): break
+(release.sh:256): main(): syndesis_tag=1.3.5
+(release.sh:257): main(): '[' -z 1.3.5 ']'
++(release.sh:262): main(): readopt --version-brew
++(release.sh:55): readopt(): filters=--version-brew
++(release.sh:56): readopt(): next=false
++(release.sh:57): readopt(): for var in "${ARGS[@]:-}"
++(release.sh:58): readopt(): false
++(release.sh:62): readopt(): for filter in $filters
++(release.sh:63): readopt(): [[ --version-syndesis = --version-brew* ]]
++(release.sh:57): readopt(): for var in "${ARGS[@]:-}"
++(release.sh:58): readopt(): false
++(release.sh:62): readopt(): for filter in $filters
++(release.sh:63): readopt(): [[ 1.3.5 = --version-brew* ]]
++(release.sh:57): readopt(): for var in "${ARGS[@]:-}"
++(release.sh:58): readopt(): false
++(release.sh:62): readopt(): for filter in $filters
++(release.sh:63): readopt(): [[ --version-fuse-ignite = --version-brew* ]]
++(release.sh:57): readopt(): for var in "${ARGS[@]:-}"
++(release.sh:58): readopt(): false
++(release.sh:62): readopt(): for filter in $filters
++(release.sh:63): readopt(): [[ 1.3.5 = --version-brew* ]]
++(release.sh:57): readopt(): for var in "${ARGS[@]:-}"
++(release.sh:58): readopt(): false
++(release.sh:62): readopt(): for filter in $filters
++(release.sh:63): readopt(): [[ --version-brew = --version-brew* ]]
++(release.sh:64): readopt(): local value=--version-brew
++(release.sh:65): readopt(): '[' --version-brew '!=' --version-brew ']'
++(release.sh:69): readopt(): next=true
++(release.sh:57): readopt(): for var in "${ARGS[@]:-}"
++(release.sh:58): readopt(): true
++(release.sh:59): readopt(): echo 1.0-1
++(release.sh:60): readopt(): break
+(release.sh:262): main(): '[' -z 1.0-1 ']'
++(release.sh:267): main(): readopt --version-fuse-ignite
++(release.sh:55): readopt(): filters=--version-fuse-ignite
++(release.sh:56): readopt(): next=false
++(release.sh:57): readopt(): for var in "${ARGS[@]:-}"
++(release.sh:58): readopt(): false
++(release.sh:62): readopt(): for filter in $filters
++(release.sh:63): readopt(): [[ --version-syndesis = --version-fuse-ignite* ]]
++(release.sh:57): readopt(): for var in "${ARGS[@]:-}"
++(release.sh:58): readopt(): false
++(release.sh:62): readopt(): for filter in $filters
++(release.sh:63): readopt(): [[ 1.3.5 = --version-fuse-ignite* ]]
++(release.sh:57): readopt(): for var in "${ARGS[@]:-}"
++(release.sh:58): readopt(): false
++(release.sh:62): readopt(): for filter in $filters
++(release.sh:63): readopt(): [[ --version-fuse-ignite = --version-fuse-ignite* ]]
++(release.sh:64): readopt(): local value=--version-fuse-ignite
++(release.sh:65): readopt(): '[' --version-fuse-ignite '!=' --version-fuse-ignite ']'
++(release.sh:69): readopt(): next=true
++(release.sh:57): readopt(): for var in "${ARGS[@]:-}"
++(release.sh:58): readopt(): true
++(release.sh:59): readopt(): echo 1.3.5
++(release.sh:60): readopt(): break
+(release.sh:267): main(): fuse_ignite_tag=1.3.5
+(release.sh:268): main(): '[' -z 1.3.5 ']'
++(release.sh:272): main(): readopt --docker-registry
++(release.sh:55): readopt(): filters=--docker-registry
++(release.sh:56): readopt(): next=false
++(release.sh:57): readopt(): for var in "${ARGS[@]:-}"
++(release.sh:58): readopt(): false
++(release.sh:62): readopt(): for filter in $filters
++(release.sh:63): readopt(): [[ --version-syndesis = --docker-registry* ]]
++(release.sh:57): readopt(): for var in "${ARGS[@]:-}"
++(release.sh:58): readopt(): false
++(release.sh:62): readopt(): for filter in $filters
++(release.sh:63): readopt(): [[ 1.3.5 = --docker-registry* ]]
++(release.sh:57): readopt(): for var in "${ARGS[@]:-}"
++(release.sh:58): readopt(): false
++(release.sh:62): readopt(): for filter in $filters
++(release.sh:63): readopt(): [[ --version-fuse-ignite = --docker-registry* ]]
++(release.sh:57): readopt(): for var in "${ARGS[@]:-}"
++(release.sh:58): readopt(): false
++(release.sh:62): readopt(): for filter in $filters
++(release.sh:63): readopt(): [[ 1.3.5 = --docker-registry* ]]
++(release.sh:57): readopt(): for var in "${ARGS[@]:-}"
++(release.sh:58): readopt(): false
++(release.sh:62): readopt(): for filter in $filters
++(release.sh:63): readopt(): [[ --version-brew = --docker-registry* ]]
++(release.sh:57): readopt(): for var in "${ARGS[@]:-}"
++(release.sh:58): readopt(): false
++(release.sh:62): readopt(): for filter in $filters
++(release.sh:63): readopt(): [[ 1.0-1 = --docker-registry* ]]
++(release.sh:57): readopt(): for var in "${ARGS[@]:-}"
++(release.sh:58): readopt(): false
++(release.sh:62): readopt(): for filter in $filters
++(release.sh:63): readopt(): [[ --version-fuse-ignite-server = --docker-registry* ]]
++(release.sh:57): readopt(): for var in "${ARGS[@]:-}"
++(release.sh:58): readopt(): false
++(release.sh:62): readopt(): for filter in $filters
++(release.sh:63): readopt(): [[ 1.0-2 = --docker-registry* ]]
++(release.sh:57): readopt(): for var in "${ARGS[@]:-}"
++(release.sh:58): readopt(): false
++(release.sh:62): readopt(): for filter in $filters
++(release.sh:63): readopt(): [[ --version-fuse-ignite-upgrade = --docker-registry* ]]
++(release.sh:57): readopt(): for var in "${ARGS[@]:-}"
++(release.sh:58): readopt(): false
++(release.sh:62): readopt(): for filter in $filters
++(release.sh:63): readopt(): [[ 1.0-2 = --docker-registry* ]]
++(release.sh:57): readopt(): for var in "${ARGS[@]:-}"
++(release.sh:58): readopt(): false
++(release.sh:62): readopt(): for filter in $filters
++(release.sh:63): readopt(): [[ --docker-registry = --docker-registry* ]]
++(release.sh:64): readopt(): local value=--docker-registry
++(release.sh:65): readopt(): '[' --docker-registry '!=' --docker-registry ']'
++(release.sh:69): readopt(): next=true
++(release.sh:57): readopt(): for var in "${ARGS[@]:-}"
++(release.sh:58): readopt(): true
++(release.sh:59): readopt(): echo brew-pulp-docker01.web.prod.ext.phx2.redhat.com:8888
++(release.sh:60): readopt(): break
+(release.sh:272): main(): docker_registry=brew-pulp-docker01.web.prod.ext.phx2.redhat.com:8888
+(release.sh:273): main(): '[' -z brew-pulp-docker01.web.prod.ext.phx2.redhat.com:8888 ']'
++(release.sh:277): main(): readopt --docker-image-repository
++(release.sh:55): readopt(): filters=--docker-image-repository
++(release.sh:56): readopt(): next=false
++(release.sh:57): readopt(): for var in "${ARGS[@]:-}"
++(release.sh:58): readopt(): false
++(release.sh:62): readopt(): for filter in $filters
++(release.sh:63): readopt(): [[ --version-syndesis = --docker-image-repository* ]]
++(release.sh:57): readopt(): for var in "${ARGS[@]:-}"
++(release.sh:58): readopt(): false
++(release.sh:62): readopt(): for filter in $filters
++(release.sh:63): readopt(): [[ 1.3.5 = --docker-image-repository* ]]
++(release.sh:57): readopt(): for var in "${ARGS[@]:-}"
++(release.sh:58): readopt(): false
++(release.sh:62): readopt(): for filter in $filters
++(release.sh:63): readopt(): [[ --version-fuse-ignite = --docker-image-repository* ]]
++(release.sh:57): readopt(): for var in "${ARGS[@]:-}"
++(release.sh:58): readopt(): false
++(release.sh:62): readopt(): for filter in $filters
++(release.sh:63): readopt(): [[ 1.3.5 = --docker-image-repository* ]]
++(release.sh:57): readopt(): for var in "${ARGS[@]:-}"
++(release.sh:58): readopt(): false
++(release.sh:62): readopt(): for filter in $filters
++(release.sh:63): readopt(): [[ --version-brew = --docker-image-repository* ]]
++(release.sh:57): readopt(): for var in "${ARGS[@]:-}"
++(release.sh:58): readopt(): false
++(release.sh:62): readopt(): for filter in $filters
++(release.sh:63): readopt(): [[ 1.0-1 = --docker-image-repository* ]]
++(release.sh:57): readopt(): for var in "${ARGS[@]:-}"
++(release.sh:58): readopt(): false
++(release.sh:62): readopt(): for filter in $filters
++(release.sh:63): readopt(): [[ --version-fuse-ignite-server = --docker-image-repository* ]]
++(release.sh:57): readopt(): for var in "${ARGS[@]:-}"
++(release.sh:58): readopt(): false
++(release.sh:62): readopt(): for filter in $filters
++(release.sh:63): readopt(): [[ 1.0-2 = --docker-image-repository* ]]
++(release.sh:57): readopt(): for var in "${ARGS[@]:-}"
++(release.sh:58): readopt(): false
++(release.sh:62): readopt(): for filter in $filters
++(release.sh:63): readopt(): [[ --version-fuse-ignite-upgrade = --docker-image-repository* ]]
++(release.sh:57): readopt(): for var in "${ARGS[@]:-}"
++(release.sh:58): readopt(): false
++(release.sh:62): readopt(): for filter in $filters
++(release.sh:63): readopt(): [[ 1.0-2 = --docker-image-repository* ]]
++(release.sh:57): readopt(): for var in "${ARGS[@]:-}"
++(release.sh:58): readopt(): false
++(release.sh:62): readopt(): for filter in $filters
++(release.sh:63): readopt(): [[ --docker-registry = --docker-image-repository* ]]
++(release.sh:57): readopt(): for var in "${ARGS[@]:-}"
++(release.sh:58): readopt(): false
++(release.sh:62): readopt(): for filter in $filters
++(release.sh:63): readopt(): [[ brew-pulp-docker01.web.prod.ext.phx2.redhat.com:8888 = --docker-image-repository* ]]
++(release.sh:57): readopt(): for var in "${ARGS[@]:-}"
++(release.sh:58): readopt(): false
++(release.sh:62): readopt(): for filter in $filters
++(release.sh:63): readopt(): [[ --docker-image-repository = --docker-image-repository* ]]
++(release.sh:64): readopt(): local value=--docker-image-repository
++(release.sh:65): readopt(): '[' --docker-image-repository '!=' --docker-image-repository ']'
++(release.sh:69): readopt(): next=true
++(release.sh:57): readopt(): for var in "${ARGS[@]:-}"
++(release.sh:58): readopt(): true
++(release.sh:59): readopt(): echo fuse7
++(release.sh:60): readopt(): break
+(release.sh:277): main(): docker_image_repository=fuse7
+(release.sh:278): main(): '[' -z fuse7 ']'
++(release.sh:282): main(): basedir
++(release.sh:19): basedir(): local script=release.sh
++(release.sh:22): basedir(): '[' -L release.sh ']'
+++(release.sh:35): basedir(): dirname release.sh
++(release.sh:35): basedir(): local dir=.
+++(release.sh:36): basedir(): cd .
+++(release.sh:36): basedir(): pwd
++(release.sh:36): basedir(): local full_dir=/data/repositories/work/syndesis/fuse-ignite-install
++(release.sh:37): basedir(): echo /data/repositories/work/syndesis/fuse-ignite-install
+(release.sh:282): main(): release /data/repositories/work/syndesis/fuse-ignite-install 1.3.5 1.3.5 brew-pulp-docker01.web.prod.ext.phx2.redhat.com:8888 fuse7
+(release.sh:219): release(): local topdir=/data/repositories/work/syndesis/fuse-ignite-install
+(release.sh:220): release(): local syndesis_tag=1.3.5
+(release.sh:221): release(): local fuse_ignite_tag=1.3.5
+(release.sh:223): release(): create_templates /data/repositories/work/syndesis/fuse-ignite-install 1.3.5 1.3.5 brew-pulp-docker01.web.prod.ext.phx2.redhat.com:8888 fuse7
+(release.sh:149): create_templates(): local topdir=/data/repositories/work/syndesis/fuse-ignite-install
+(release.sh:150): create_templates(): local syndesis_git_tag=1.3.5
+(release.sh:151): create_templates(): local fuse_ignite_tag=1.3.5
+(release.sh:152): create_templates(): local docker_registry=brew-pulp-docker01.web.prod.ext.phx2.redhat.com:8888
+(release.sh:153): create_templates(): local docker_image_repository=fuse7
++(release.sh:155): create_templates(): mktemp -d
+(release.sh:155): create_templates(): local tempdir=/tmp/tmp.sfiIyitG89
+(release.sh:156): create_templates(): trap 'rm -rf "/tmp/tmp.sfiIyitG89"' EXIT
+(release.sh:159): create_templates(): pushd /tmp/tmp.sfiIyitG89
/tmp/tmp.sfiIyitG89 /data/repositories/work/syndesis/fuse-ignite-install
+(release.sh:160): create_templates(): echo '==== Cloning syndesisio/syndesis, 1.3.5'
==== Cloning syndesisio/syndesis, 1.3.5
+(release.sh:161): create_templates(): git clone https://github.com/syndesisio/syndesis.git
Cloning into 'syndesis'...
+(release.sh:162): create_templates(): cd syndesis
+(release.sh:163): create_templates(): git checkout 1.3.5
Note: checking out '1.3.5'.

You are in 'detached HEAD' state. You can look around, make experimental
changes and commit them, and you can discard any commits you make in this
state without impacting any branches by performing another checkout.

If you want to create a new branch to retain commits you create, you may
do so (now or later) by using -b with the checkout command again. Example:

  git checkout -b <new-branch-name>

HEAD is now at 3e095b4d1 [1.3.5]: Update OpenShift templates for Syndesis 1.3.5
+(release.sh:165): create_templates(): cd install/generator
+(release.sh:167): create_templates(): local is_tag
+(release.sh:168): create_templates(): '[' 1.3.5 = master ']'
++(release.sh:171): create_templates(): extract_minor_version 1.3.5
++(release.sh:129): extract_minor_version(): local version=1.3.5
+++(release.sh:130): extract_minor_version(): echo 1.3.5
+++(release.sh:130): extract_minor_version(): sed -r -n 's/([0-9]+\.[0-9]+).*/\1/p'
++(release.sh:130): extract_minor_version(): local minor_version=1.3
++(release.sh:131): extract_minor_version(): '[' 1.3 = 1.3.5 ']'
++(release.sh:135): extract_minor_version(): echo 1.3
+(release.sh:171): create_templates(): is_tag=1.3
+(release.sh:174): create_templates(): echo '==== Creating OSO product template for 1.3'
==== Creating OSO product template for 1.3
+(release.sh:175): create_templates(): sh run.sh --name fuse-ignite --oso --syndesis-tag=1.3
+(release.sh:176): create_templates(): cp ../syndesis.yml /data/repositories/work/syndesis/fuse-ignite-install/resources/fuse-ignite-oso.yml
+(release.sh:178): create_templates(): echo '==== Creating OCP product template for 1.3'
==== Creating OCP product template for 1.3
+(release.sh:179): create_templates(): sh run.sh --name fuse-ignite --ocp --syndesis-tag=1.3
+(release.sh:180): create_templates(): cp ../syndesis.yml /data/repositories/work/syndesis/fuse-ignite-install/resources/fuse-ignite-ocp.yml
+(release.sh:182): create_templates(): echo '==== Copy support SA'
==== Copy support SA
+(release.sh:183): create_templates(): cp ../support/serviceaccount-as-oauthclient-restricted.yml /data/repositories/work/syndesis/fuse-ignite-install/resources/serviceaccount-as-oauthclient-restricted.yml
+(release.sh:186): create_templates(): echo '==== Patch install script with tag'
==== Patch install script with tag
+(release.sh:187): create_templates(): sed -e 's/^TAG=.*$/TAG=1.3.5/' -i /data/repositories/work/syndesis/fuse-ignite-install/install_ocp.sh
+(release.sh:189): create_templates(): echo '==== Patch install script with correct Maven Repos'
==== Patch install script with correct Maven Repos
+(release.sh:190): create_templates(): sed -e 's#\(02_redhat_ea_repository:\s*\).*#02_redhat: http://indy.cloud.pnc.engineering.redhat.com/api/group/builds-untested+shared-imports+public/#' -e 's#\(03_jboss_ea:\s*\).*#03_jboss: https://repository.jboss.org/#' -i /data/repositories/work/syndesis/fuse-ignite-install/install_ocp.sh
+(release.sh:195): create_templates(): echo '==== Patch imagestream script with current versions'
==== Patch imagestream script with current versions
++(release.sh:196): create_templates(): readopt --version-brew
++(release.sh:55): readopt(): filters=--version-brew
++(release.sh:56): readopt(): next=false
++(release.sh:57): readopt(): for var in "${ARGS[@]:-}"
++(release.sh:58): readopt(): false
++(release.sh:62): readopt(): for filter in $filters
++(release.sh:63): readopt(): [[ --version-syndesis = --version-brew* ]]
++(release.sh:57): readopt(): for var in "${ARGS[@]:-}"
++(release.sh:58): readopt(): false
++(release.sh:62): readopt(): for filter in $filters
++(release.sh:63): readopt(): [[ 1.3.5 = --version-brew* ]]
++(release.sh:57): readopt(): for var in "${ARGS[@]:-}"
++(release.sh:58): readopt(): false
++(release.sh:62): readopt(): for filter in $filters
++(release.sh:63): readopt(): [[ --version-fuse-ignite = --version-brew* ]]
++(release.sh:57): readopt(): for var in "${ARGS[@]:-}"
++(release.sh:58): readopt(): false
++(release.sh:62): readopt(): for filter in $filters
++(release.sh:63): readopt(): [[ 1.3.5 = --version-brew* ]]
++(release.sh:57): readopt(): for var in "${ARGS[@]:-}"
++(release.sh:58): readopt(): false
++(release.sh:62): readopt(): for filter in $filters
++(release.sh:63): readopt(): [[ --version-brew = --version-brew* ]]
++(release.sh:64): readopt(): local value=--version-brew
++(release.sh:65): readopt(): '[' --version-brew '!=' --version-brew ']'
++(release.sh:69): readopt(): next=true
++(release.sh:57): readopt(): for var in "${ARGS[@]:-}"
++(release.sh:58): readopt(): true
++(release.sh:59): readopt(): echo 1.0-1
++(release.sh:60): readopt(): break
+(release.sh:196): create_templates(): local brew_tag=1.0-1
++(release.sh:198): create_templates(): read_image_version fuse-ignite-server
++(release.sh:139): read_image_version(): local image=fuse-ignite-server
+++(release.sh:140): read_image_version(): readopt --version-fuse-ignite-server
+++(release.sh:55): readopt(): filters=--version-fuse-ignite-server
+++(release.sh:56): readopt(): next=false
+++(release.sh:57): readopt(): for var in "${ARGS[@]:-}"
+++(release.sh:58): readopt(): false
+++(release.sh:62): readopt(): for filter in $filters
+++(release.sh:63): readopt(): [[ --version-syndesis = --version-fuse-ignite-server* ]]
+++(release.sh:57): readopt(): for var in "${ARGS[@]:-}"
+++(release.sh:58): readopt(): false
+++(release.sh:62): readopt(): for filter in $filters
+++(release.sh:63): readopt(): [[ 1.3.5 = --version-fuse-ignite-server* ]]
+++(release.sh:57): readopt(): for var in "${ARGS[@]:-}"
+++(release.sh:58): readopt(): false
+++(release.sh:62): readopt(): for filter in $filters
+++(release.sh:63): readopt(): [[ --version-fuse-ignite = --version-fuse-ignite-server* ]]
+++(release.sh:57): readopt(): for var in "${ARGS[@]:-}"
+++(release.sh:58): readopt(): false
+++(release.sh:62): readopt(): for filter in $filters
+++(release.sh:63): readopt(): [[ 1.3.5 = --version-fuse-ignite-server* ]]
+++(release.sh:57): readopt(): for var in "${ARGS[@]:-}"
+++(release.sh:58): readopt(): false
+++(release.sh:62): readopt(): for filter in $filters
+++(release.sh:63): readopt(): [[ --version-brew = --version-fuse-ignite-server* ]]
+++(release.sh:57): readopt(): for var in "${ARGS[@]:-}"
+++(release.sh:58): readopt(): false
+++(release.sh:62): readopt(): for filter in $filters
+++(release.sh:63): readopt(): [[ 1.0-1 = --version-fuse-ignite-server* ]]
+++(release.sh:57): readopt(): for var in "${ARGS[@]:-}"
+++(release.sh:58): readopt(): false
+++(release.sh:62): readopt(): for filter in $filters
+++(release.sh:63): readopt(): [[ --version-fuse-ignite-server = --version-fuse-ignite-server* ]]
+++(release.sh:64): readopt(): local value=--version-fuse-ignite-server
+++(release.sh:65): readopt(): '[' --version-fuse-ignite-server '!=' --version-fuse-ignite-server ']'
+++(release.sh:69): readopt(): next=true
+++(release.sh:57): readopt(): for var in "${ARGS[@]:-}"
+++(release.sh:58): readopt(): true
+++(release.sh:59): readopt(): echo 1.0-2
+++(release.sh:60): readopt(): break
++(release.sh:140): read_image_version(): local result=1.0-2
++(release.sh:141): read_image_version(): '[' -z 1.0-2 ']'
++(release.sh:145): read_image_version(): echo 1.0-2
+(release.sh:198): create_templates(): local fuse_ignite_server=1.0-2
++(release.sh:199): create_templates(): read_image_version fuse-ignite-ui
++(release.sh:139): read_image_version(): local image=fuse-ignite-ui
+++(release.sh:140): read_image_version(): readopt --version-fuse-ignite-ui
+++(release.sh:55): readopt(): filters=--version-fuse-ignite-ui
+++(release.sh:56): readopt(): next=false
+++(release.sh:57): readopt(): for var in "${ARGS[@]:-}"
+++(release.sh:58): readopt(): false
+++(release.sh:62): readopt(): for filter in $filters
+++(release.sh:63): readopt(): [[ --version-syndesis = --version-fuse-ignite-ui* ]]
+++(release.sh:57): readopt(): for var in "${ARGS[@]:-}"
+++(release.sh:58): readopt(): false
+++(release.sh:62): readopt(): for filter in $filters
+++(release.sh:63): readopt(): [[ 1.3.5 = --version-fuse-ignite-ui* ]]
+++(release.sh:57): readopt(): for var in "${ARGS[@]:-}"
+++(release.sh:58): readopt(): false
+++(release.sh:62): readopt(): for filter in $filters
+++(release.sh:63): readopt(): [[ --version-fuse-ignite = --version-fuse-ignite-ui* ]]
+++(release.sh:57): readopt(): for var in "${ARGS[@]:-}"
+++(release.sh:58): readopt(): false
+++(release.sh:62): readopt(): for filter in $filters
+++(release.sh:63): readopt(): [[ 1.3.5 = --version-fuse-ignite-ui* ]]
+++(release.sh:57): readopt(): for var in "${ARGS[@]:-}"
+++(release.sh:58): readopt(): false
+++(release.sh:62): readopt(): for filter in $filters
+++(release.sh:63): readopt(): [[ --version-brew = --version-fuse-ignite-ui* ]]
+++(release.sh:57): readopt(): for var in "${ARGS[@]:-}"
+++(release.sh:58): readopt(): false
+++(release.sh:62): readopt(): for filter in $filters
+++(release.sh:63): readopt(): [[ 1.0-1 = --version-fuse-ignite-ui* ]]
+++(release.sh:57): readopt(): for var in "${ARGS[@]:-}"
+++(release.sh:58): readopt(): false
+++(release.sh:62): readopt(): for filter in $filters
+++(release.sh:63): readopt(): [[ --version-fuse-ignite-server = --version-fuse-ignite-ui* ]]
+++(release.sh:57): readopt(): for var in "${ARGS[@]:-}"
+++(release.sh:58): readopt(): false
+++(release.sh:62): readopt(): for filter in $filters
+++(release.sh:63): readopt(): [[ 1.0-2 = --version-fuse-ignite-ui* ]]
+++(release.sh:57): readopt(): for var in "${ARGS[@]:-}"
+++(release.sh:58): readopt(): false
+++(release.sh:62): readopt(): for filter in $filters
+++(release.sh:63): readopt(): [[ --version-fuse-ignite-upgrade = --version-fuse-ignite-ui* ]]
+++(release.sh:57): readopt(): for var in "${ARGS[@]:-}"
+++(release.sh:58): readopt(): false
+++(release.sh:62): readopt(): for filter in $filters
+++(release.sh:63): readopt(): [[ 1.0-2 = --version-fuse-ignite-ui* ]]
+++(release.sh:57): readopt(): for var in "${ARGS[@]:-}"
+++(release.sh:58): readopt(): false
+++(release.sh:62): readopt(): for filter in $filters
+++(release.sh:63): readopt(): [[ --docker-registry = --version-fuse-ignite-ui* ]]
+++(release.sh:57): readopt(): for var in "${ARGS[@]:-}"
+++(release.sh:58): readopt(): false
+++(release.sh:62): readopt(): for filter in $filters
+++(release.sh:63): readopt(): [[ brew-pulp-docker01.web.prod.ext.phx2.redhat.com:8888 = --version-fuse-ignite-ui* ]]
+++(release.sh:57): readopt(): for var in "${ARGS[@]:-}"
+++(release.sh:58): readopt(): false
+++(release.sh:62): readopt(): for filter in $filters
+++(release.sh:63): readopt(): [[ --docker-image-repository = --version-fuse-ignite-ui* ]]
+++(release.sh:57): readopt(): for var in "${ARGS[@]:-}"
+++(release.sh:58): readopt(): false
+++(release.sh:62): readopt(): for filter in $filters
+++(release.sh:63): readopt(): [[ fuse7 = --version-fuse-ignite-ui* ]]
+++(release.sh:57): readopt(): for var in "${ARGS[@]:-}"
+++(release.sh:58): readopt(): false
+++(release.sh:62): readopt(): for filter in $filters
+++(release.sh:63): readopt(): [[ --verbose = --version-fuse-ignite-ui* ]]
++(release.sh:140): read_image_version(): local result=
++(release.sh:141): read_image_version(): '[' -z '' ']'
++(release.sh:143): read_image_version(): result=1.0-1
++(release.sh:145): read_image_version(): echo 1.0-1
+(release.sh:199): create_templates(): local fuse_ignite_ui=1.0-1
++(release.sh:200): create_templates(): read_image_version fuse-ignite-meta
++(release.sh:139): read_image_version(): local image=fuse-ignite-meta
+++(release.sh:140): read_image_version(): readopt --version-fuse-ignite-meta
+++(release.sh:55): readopt(): filters=--version-fuse-ignite-meta
+++(release.sh:56): readopt(): next=false
+++(release.sh:57): readopt(): for var in "${ARGS[@]:-}"
+++(release.sh:58): readopt(): false
+++(release.sh:62): readopt(): for filter in $filters
+++(release.sh:63): readopt(): [[ --version-syndesis = --version-fuse-ignite-meta* ]]
+++(release.sh:57): readopt(): for var in "${ARGS[@]:-}"
+++(release.sh:58): readopt(): false
+++(release.sh:62): readopt(): for filter in $filters
+++(release.sh:63): readopt(): [[ 1.3.5 = --version-fuse-ignite-meta* ]]
+++(release.sh:57): readopt(): for var in "${ARGS[@]:-}"
+++(release.sh:58): readopt(): false
+++(release.sh:62): readopt(): for filter in $filters
+++(release.sh:63): readopt(): [[ --version-fuse-ignite = --version-fuse-ignite-meta* ]]
+++(release.sh:57): readopt(): for var in "${ARGS[@]:-}"
+++(release.sh:58): readopt(): false
+++(release.sh:62): readopt(): for filter in $filters
+++(release.sh:63): readopt(): [[ 1.3.5 = --version-fuse-ignite-meta* ]]
+++(release.sh:57): readopt(): for var in "${ARGS[@]:-}"
+++(release.sh:58): readopt(): false
+++(release.sh:62): readopt(): for filter in $filters
+++(release.sh:63): readopt(): [[ --version-brew = --version-fuse-ignite-meta* ]]
+++(release.sh:57): readopt(): for var in "${ARGS[@]:-}"
+++(release.sh:58): readopt(): false
+++(release.sh:62): readopt(): for filter in $filters
+++(release.sh:63): readopt(): [[ 1.0-1 = --version-fuse-ignite-meta* ]]
+++(release.sh:57): readopt(): for var in "${ARGS[@]:-}"
+++(release.sh:58): readopt(): false
+++(release.sh:62): readopt(): for filter in $filters
+++(release.sh:63): readopt(): [[ --version-fuse-ignite-server = --version-fuse-ignite-meta* ]]
+++(release.sh:57): readopt(): for var in "${ARGS[@]:-}"
+++(release.sh:58): readopt(): false
+++(release.sh:62): readopt(): for filter in $filters
+++(release.sh:63): readopt(): [[ 1.0-2 = --version-fuse-ignite-meta* ]]
+++(release.sh:57): readopt(): for var in "${ARGS[@]:-}"
+++(release.sh:58): readopt(): false
+++(release.sh:62): readopt(): for filter in $filters
+++(release.sh:63): readopt(): [[ --version-fuse-ignite-upgrade = --version-fuse-ignite-meta* ]]
+++(release.sh:57): readopt(): for var in "${ARGS[@]:-}"
+++(release.sh:58): readopt(): false
+++(release.sh:62): readopt(): for filter in $filters
+++(release.sh:63): readopt(): [[ 1.0-2 = --version-fuse-ignite-meta* ]]
+++(release.sh:57): readopt(): for var in "${ARGS[@]:-}"
+++(release.sh:58): readopt(): false
+++(release.sh:62): readopt(): for filter in $filters
+++(release.sh:63): readopt(): [[ --docker-registry = --version-fuse-ignite-meta* ]]
+++(release.sh:57): readopt(): for var in "${ARGS[@]:-}"
+++(release.sh:58): readopt(): false
+++(release.sh:62): readopt(): for filter in $filters
+++(release.sh:63): readopt(): [[ brew-pulp-docker01.web.prod.ext.phx2.redhat.com:8888 = --version-fuse-ignite-meta* ]]
+++(release.sh:57): readopt(): for var in "${ARGS[@]:-}"
+++(release.sh:58): readopt(): false
+++(release.sh:62): readopt(): for filter in $filters
+++(release.sh:63): readopt(): [[ --docker-image-repository = --version-fuse-ignite-meta* ]]
+++(release.sh:57): readopt(): for var in "${ARGS[@]:-}"
+++(release.sh:58): readopt(): false
+++(release.sh:62): readopt(): for filter in $filters
+++(release.sh:63): readopt(): [[ fuse7 = --version-fuse-ignite-meta* ]]
+++(release.sh:57): readopt(): for var in "${ARGS[@]:-}"
+++(release.sh:58): readopt(): false
+++(release.sh:62): readopt(): for filter in $filters
+++(release.sh:63): readopt(): [[ --verbose = --version-fuse-ignite-meta* ]]
++(release.sh:140): read_image_version(): local result=
++(release.sh:141): read_image_version(): '[' -z '' ']'
++(release.sh:143): read_image_version(): result=1.0-1
++(release.sh:145): read_image_version(): echo 1.0-1
+(release.sh:200): create_templates(): local fuse_ignite_meta=1.0-1
++(release.sh:201): create_templates(): read_image_version fuse-ignite-s2i
++(release.sh:139): read_image_version(): local image=fuse-ignite-s2i
+++(release.sh:140): read_image_version(): readopt --version-fuse-ignite-s2i
+++(release.sh:55): readopt(): filters=--version-fuse-ignite-s2i
+++(release.sh:56): readopt(): next=false
+++(release.sh:57): readopt(): for var in "${ARGS[@]:-}"
+++(release.sh:58): readopt(): false
+++(release.sh:62): readopt(): for filter in $filters
+++(release.sh:63): readopt(): [[ --version-syndesis = --version-fuse-ignite-s2i* ]]
+++(release.sh:57): readopt(): for var in "${ARGS[@]:-}"
+++(release.sh:58): readopt(): false
+++(release.sh:62): readopt(): for filter in $filters
+++(release.sh:63): readopt(): [[ 1.3.5 = --version-fuse-ignite-s2i* ]]
+++(release.sh:57): readopt(): for var in "${ARGS[@]:-}"
+++(release.sh:58): readopt(): false
+++(release.sh:62): readopt(): for filter in $filters
+++(release.sh:63): readopt(): [[ --version-fuse-ignite = --version-fuse-ignite-s2i* ]]
+++(release.sh:57): readopt(): for var in "${ARGS[@]:-}"
+++(release.sh:58): readopt(): false
+++(release.sh:62): readopt(): for filter in $filters
+++(release.sh:63): readopt(): [[ 1.3.5 = --version-fuse-ignite-s2i* ]]
+++(release.sh:57): readopt(): for var in "${ARGS[@]:-}"
+++(release.sh:58): readopt(): false
+++(release.sh:62): readopt(): for filter in $filters
+++(release.sh:63): readopt(): [[ --version-brew = --version-fuse-ignite-s2i* ]]
+++(release.sh:57): readopt(): for var in "${ARGS[@]:-}"
+++(release.sh:58): readopt(): false
+++(release.sh:62): readopt(): for filter in $filters
+++(release.sh:63): readopt(): [[ 1.0-1 = --version-fuse-ignite-s2i* ]]
+++(release.sh:57): readopt(): for var in "${ARGS[@]:-}"
+++(release.sh:58): readopt(): false
+++(release.sh:62): readopt(): for filter in $filters
+++(release.sh:63): readopt(): [[ --version-fuse-ignite-server = --version-fuse-ignite-s2i* ]]
+++(release.sh:57): readopt(): for var in "${ARGS[@]:-}"
+++(release.sh:58): readopt(): false
+++(release.sh:62): readopt(): for filter in $filters
+++(release.sh:63): readopt(): [[ 1.0-2 = --version-fuse-ignite-s2i* ]]
+++(release.sh:57): readopt(): for var in "${ARGS[@]:-}"
+++(release.sh:58): readopt(): false
+++(release.sh:62): readopt(): for filter in $filters
+++(release.sh:63): readopt(): [[ --version-fuse-ignite-upgrade = --version-fuse-ignite-s2i* ]]
+++(release.sh:57): readopt(): for var in "${ARGS[@]:-}"
+++(release.sh:58): readopt(): false
+++(release.sh:62): readopt(): for filter in $filters
+++(release.sh:63): readopt(): [[ 1.0-2 = --version-fuse-ignite-s2i* ]]
+++(release.sh:57): readopt(): for var in "${ARGS[@]:-}"
+++(release.sh:58): readopt(): false
+++(release.sh:62): readopt(): for filter in $filters
+++(release.sh:63): readopt(): [[ --docker-registry = --version-fuse-ignite-s2i* ]]
+++(release.sh:57): readopt(): for var in "${ARGS[@]:-}"
+++(release.sh:58): readopt(): false
+++(release.sh:62): readopt(): for filter in $filters
+++(release.sh:63): readopt(): [[ brew-pulp-docker01.web.prod.ext.phx2.redhat.com:8888 = --version-fuse-ignite-s2i* ]]
+++(release.sh:57): readopt(): for var in "${ARGS[@]:-}"
+++(release.sh:58): readopt(): false
+++(release.sh:62): readopt(): for filter in $filters
+++(release.sh:63): readopt(): [[ --docker-image-repository = --version-fuse-ignite-s2i* ]]
+++(release.sh:57): readopt(): for var in "${ARGS[@]:-}"
+++(release.sh:58): readopt(): false
+++(release.sh:62): readopt(): for filter in $filters
+++(release.sh:63): readopt(): [[ fuse7 = --version-fuse-ignite-s2i* ]]
+++(release.sh:57): readopt(): for var in "${ARGS[@]:-}"
+++(release.sh:58): readopt(): false
+++(release.sh:62): readopt(): for filter in $filters
+++(release.sh:63): readopt(): [[ --verbose = --version-fuse-ignite-s2i* ]]
++(release.sh:140): read_image_version(): local result=
++(release.sh:141): read_image_version(): '[' -z '' ']'
++(release.sh:143): read_image_version(): result=1.0-1
++(release.sh:145): read_image_version(): echo 1.0-1
+(release.sh:201): create_templates(): local fuse_ignite_s2i=1.0-1
+(release.sh:204): create_templates(): sed -e 's/{{[ ]*Tags.Ignite[ ]*}}/1.3/g' -e 's/{{[ ]*Tags.Ignite.Server[ ]*}}/1.0-2/g' -e 's/{{[ ]*Tags.Ignite.Ui[ ]*}}/1.0-1/g' -e 's/{{[ ]*Tags.Ignite.Meta[ ]*}}/1.0-1/g' -e 's/{{[ ]*Tags.Ignite.S2I[ ]*}}/1.0-1/g' -e 's/{{[ ]*Docker.Registry[ ]*}}/brew-pulp-docker01.web.prod.ext.phx2.redhat.com:8888/g' -e 's/{{[ ]*Docker.Image.Repository[ ]*}}/fuse7/g' /data/repositories/work/syndesis/fuse-ignite-install/templates/fuse-ignite-image-streams.yml
+(release.sh:214): create_templates(): popd
/data/repositories/work/syndesis/fuse-ignite-install
+(release.sh:225): release(): echo '==== Committing'
==== Committing
+(release.sh:226): release(): cd /data/repositories/work/syndesis/fuse-ignite-install
+(release.sh:227): release(): git_commit releases/ 'Update OpenShift templates and install script for Syndesis upstream 1.3.5' 1.3.5
+(release.sh:76): git_commit(): local pattern=releases/
+(release.sh:77): git_commit(): local 'message=Update OpenShift templates and install script for Syndesis upstream 1.3.5'
+(release.sh:78): git_commit(): local release_version=1.3.5
++(release.sh:80): git_commit(): hasflag --dry-run -n
++(release.sh:42): hasflag(): filters='--dry-run -n'
++(release.sh:43): hasflag(): for var in "${ARGS[@]:-}"
++(release.sh:44): hasflag(): for filter in $filters
++(release.sh:45): hasflag(): '[' --version-syndesis = --dry-run ']'
++(release.sh:44): hasflag(): for filter in $filters
++(release.sh:45): hasflag(): '[' --version-syndesis = -n ']'
++(release.sh:43): hasflag(): for var in "${ARGS[@]:-}"
++(release.sh:44): hasflag(): for filter in $filters
++(release.sh:45): hasflag(): '[' 1.3.5 = --dry-run ']'
++(release.sh:44): hasflag(): for filter in $filters
++(release.sh:45): hasflag(): '[' 1.3.5 = -n ']'
++(release.sh:43): hasflag(): for var in "${ARGS[@]:-}"
++(release.sh:44): hasflag(): for filter in $filters
++(release.sh:45): hasflag(): '[' --version-fuse-ignite = --dry-run ']'
++(release.sh:44): hasflag(): for filter in $filters
++(release.sh:45): hasflag(): '[' --version-fuse-ignite = -n ']'
++(release.sh:43): hasflag(): for var in "${ARGS[@]:-}"
++(release.sh:44): hasflag(): for filter in $filters
++(release.sh:45): hasflag(): '[' 1.3.5 = --dry-run ']'
++(release.sh:44): hasflag(): for filter in $filters
++(release.sh:45): hasflag(): '[' 1.3.5 = -n ']'
++(release.sh:43): hasflag(): for var in "${ARGS[@]:-}"
++(release.sh:44): hasflag(): for filter in $filters
++(release.sh:45): hasflag(): '[' --version-brew = --dry-run ']'
++(release.sh:44): hasflag(): for filter in $filters
++(release.sh:45): hasflag(): '[' --version-brew = -n ']'
++(release.sh:43): hasflag(): for var in "${ARGS[@]:-}"
++(release.sh:44): hasflag(): for filter in $filters
++(release.sh:45): hasflag(): '[' 1.0-1 = --dry-run ']'
++(release.sh:44): hasflag(): for filter in $filters
++(release.sh:45): hasflag(): '[' 1.0-1 = -n ']'
++(release.sh:43): hasflag(): for var in "${ARGS[@]:-}"
++(release.sh:44): hasflag(): for filter in $filters
++(release.sh:45): hasflag(): '[' --version-fuse-ignite-server = --dry-run ']'
++(release.sh:44): hasflag(): for filter in $filters
++(release.sh:45): hasflag(): '[' --version-fuse-ignite-server = -n ']'
++(release.sh:43): hasflag(): for var in "${ARGS[@]:-}"
++(release.sh:44): hasflag(): for filter in $filters
++(release.sh:45): hasflag(): '[' 1.0-2 = --dry-run ']'
++(release.sh:44): hasflag(): for filter in $filters
++(release.sh:45): hasflag(): '[' 1.0-2 = -n ']'
++(release.sh:43): hasflag(): for var in "${ARGS[@]:-}"
++(release.sh:44): hasflag(): for filter in $filters
++(release.sh:45): hasflag(): '[' --version-fuse-ignite-upgrade = --dry-run ']'
++(release.sh:44): hasflag(): for filter in $filters
++(release.sh:45): hasflag(): '[' --version-fuse-ignite-upgrade = -n ']'
++(release.sh:43): hasflag(): for var in "${ARGS[@]:-}"
++(release.sh:44): hasflag(): for filter in $filters
++(release.sh:45): hasflag(): '[' 1.0-2 = --dry-run ']'
++(release.sh:44): hasflag(): for filter in $filters
++(release.sh:45): hasflag(): '[' 1.0-2 = -n ']'
++(release.sh:43): hasflag(): for var in "${ARGS[@]:-}"
++(release.sh:44): hasflag(): for filter in $filters
++(release.sh:45): hasflag(): '[' --docker-registry = --dry-run ']'
++(release.sh:44): hasflag(): for filter in $filters
++(release.sh:45): hasflag(): '[' --docker-registry = -n ']'
++(release.sh:43): hasflag(): for var in "${ARGS[@]:-}"
++(release.sh:44): hasflag(): for filter in $filters
++(release.sh:45): hasflag(): '[' brew-pulp-docker01.web.prod.ext.phx2.redhat.com:8888 = --dry-run ']'
++(release.sh:44): hasflag(): for filter in $filters
++(release.sh:45): hasflag(): '[' brew-pulp-docker01.web.prod.ext.phx2.redhat.com:8888 = -n ']'
++(release.sh:43): hasflag(): for var in "${ARGS[@]:-}"
++(release.sh:44): hasflag(): for filter in $filters
++(release.sh:45): hasflag(): '[' --docker-image-repository = --dry-run ']'
++(release.sh:44): hasflag(): for filter in $filters
++(release.sh:45): hasflag(): '[' --docker-image-repository = -n ']'
++(release.sh:43): hasflag(): for var in "${ARGS[@]:-}"
++(release.sh:44): hasflag(): for filter in $filters
++(release.sh:45): hasflag(): '[' fuse7 = --dry-run ']'
++(release.sh:44): hasflag(): for filter in $filters
++(release.sh:45): hasflag(): '[' fuse7 = -n ']'
++(release.sh:43): hasflag(): for var in "${ARGS[@]:-}"
++(release.sh:44): hasflag(): for filter in $filters
++(release.sh:45): hasflag(): '[' --verbose = --dry-run ']'
++(release.sh:44): hasflag(): for filter in $filters
++(release.sh:45): hasflag(): '[' --verbose = -n ']'
+(release.sh:80): git_commit(): '[' '!' ']'
++(release.sh:81): git_commit(): git ls-files --modified
++(release.sh:81): git_commit(): grep releases/
+(release.sh:81): git_commit(): local mod_files=
+(release.sh:82): git_commit(): '[' -n '' ']'
+(release.sh:85): git_commit(): echo 'Nothing changed'
Nothing changed
+(release.sh:228): release(): git_commit install_ocp.sh 'Update OpenShift templates and install script for Syndesis upstream 1.3.5' 1.3.5
+(release.sh:76): git_commit(): local pattern=install_ocp.sh
+(release.sh:77): git_commit(): local 'message=Update OpenShift templates and install script for Syndesis upstream 1.3.5'
+(release.sh:78): git_commit(): local release_version=1.3.5
++(release.sh:80): git_commit(): hasflag --dry-run -n
++(release.sh:42): hasflag(): filters='--dry-run -n'
++(release.sh:43): hasflag(): for var in "${ARGS[@]:-}"
++(release.sh:44): hasflag(): for filter in $filters
++(release.sh:45): hasflag(): '[' --version-syndesis = --dry-run ']'
++(release.sh:44): hasflag(): for filter in $filters
++(release.sh:45): hasflag(): '[' --version-syndesis = -n ']'
++(release.sh:43): hasflag(): for var in "${ARGS[@]:-}"
++(release.sh:44): hasflag(): for filter in $filters
++(release.sh:45): hasflag(): '[' 1.3.5 = --dry-run ']'
++(release.sh:44): hasflag(): for filter in $filters
++(release.sh:45): hasflag(): '[' 1.3.5 = -n ']'
++(release.sh:43): hasflag(): for var in "${ARGS[@]:-}"
++(release.sh:44): hasflag(): for filter in $filters
++(release.sh:45): hasflag(): '[' --version-fuse-ignite = --dry-run ']'
++(release.sh:44): hasflag(): for filter in $filters
++(release.sh:45): hasflag(): '[' --version-fuse-ignite = -n ']'
++(release.sh:43): hasflag(): for var in "${ARGS[@]:-}"
++(release.sh:44): hasflag(): for filter in $filters
++(release.sh:45): hasflag(): '[' 1.3.5 = --dry-run ']'
++(release.sh:44): hasflag(): for filter in $filters
++(release.sh:45): hasflag(): '[' 1.3.5 = -n ']'
++(release.sh:43): hasflag(): for var in "${ARGS[@]:-}"
++(release.sh:44): hasflag(): for filter in $filters
++(release.sh:45): hasflag(): '[' --version-brew = --dry-run ']'
++(release.sh:44): hasflag(): for filter in $filters
++(release.sh:45): hasflag(): '[' --version-brew = -n ']'
++(release.sh:43): hasflag(): for var in "${ARGS[@]:-}"
++(release.sh:44): hasflag(): for filter in $filters
++(release.sh:45): hasflag(): '[' 1.0-1 = --dry-run ']'
++(release.sh:44): hasflag(): for filter in $filters
++(release.sh:45): hasflag(): '[' 1.0-1 = -n ']'
++(release.sh:43): hasflag(): for var in "${ARGS[@]:-}"
++(release.sh:44): hasflag(): for filter in $filters
++(release.sh:45): hasflag(): '[' --version-fuse-ignite-server = --dry-run ']'
++(release.sh:44): hasflag(): for filter in $filters
++(release.sh:45): hasflag(): '[' --version-fuse-ignite-server = -n ']'
++(release.sh:43): hasflag(): for var in "${ARGS[@]:-}"
++(release.sh:44): hasflag(): for filter in $filters
++(release.sh:45): hasflag(): '[' 1.0-2 = --dry-run ']'
++(release.sh:44): hasflag(): for filter in $filters
++(release.sh:45): hasflag(): '[' 1.0-2 = -n ']'
++(release.sh:43): hasflag(): for var in "${ARGS[@]:-}"
++(release.sh:44): hasflag(): for filter in $filters
++(release.sh:45): hasflag(): '[' --version-fuse-ignite-upgrade = --dry-run ']'
++(release.sh:44): hasflag(): for filter in $filters
++(release.sh:45): hasflag(): '[' --version-fuse-ignite-upgrade = -n ']'
++(release.sh:43): hasflag(): for var in "${ARGS[@]:-}"
++(release.sh:44): hasflag(): for filter in $filters
++(release.sh:45): hasflag(): '[' 1.0-2 = --dry-run ']'
++(release.sh:44): hasflag(): for filter in $filters
++(release.sh:45): hasflag(): '[' 1.0-2 = -n ']'
++(release.sh:43): hasflag(): for var in "${ARGS[@]:-}"
++(release.sh:44): hasflag(): for filter in $filters
++(release.sh:45): hasflag(): '[' --docker-registry = --dry-run ']'
++(release.sh:44): hasflag(): for filter in $filters
++(release.sh:45): hasflag(): '[' --docker-registry = -n ']'
++(release.sh:43): hasflag(): for var in "${ARGS[@]:-}"
++(release.sh:44): hasflag(): for filter in $filters
++(release.sh:45): hasflag(): '[' brew-pulp-docker01.web.prod.ext.phx2.redhat.com:8888 = --dry-run ']'
++(release.sh:44): hasflag(): for filter in $filters
++(release.sh:45): hasflag(): '[' brew-pulp-docker01.web.prod.ext.phx2.redhat.com:8888 = -n ']'
++(release.sh:43): hasflag(): for var in "${ARGS[@]:-}"
++(release.sh:44): hasflag(): for filter in $filters
++(release.sh:45): hasflag(): '[' --docker-image-repository = --dry-run ']'
++(release.sh:44): hasflag(): for filter in $filters
++(release.sh:45): hasflag(): '[' --docker-image-repository = -n ']'
++(release.sh:43): hasflag(): for var in "${ARGS[@]:-}"
++(release.sh:44): hasflag(): for filter in $filters
++(release.sh:45): hasflag(): '[' fuse7 = --dry-run ']'
++(release.sh:44): hasflag(): for filter in $filters
++(release.sh:45): hasflag(): '[' fuse7 = -n ']'
++(release.sh:43): hasflag(): for var in "${ARGS[@]:-}"
++(release.sh:44): hasflag(): for filter in $filters
++(release.sh:45): hasflag(): '[' --verbose = --dry-run ']'
++(release.sh:44): hasflag(): for filter in $filters
++(release.sh:45): hasflag(): '[' --verbose = -n ']'
+(release.sh:80): git_commit(): '[' '!' ']'
++(release.sh:81): git_commit(): git ls-files --modified
++(release.sh:81): git_commit(): grep install_ocp.sh
+(release.sh:81): git_commit(): local mod_files=
+(release.sh:82): git_commit(): '[' -n '' ']'
+(release.sh:85): git_commit(): echo 'Nothing changed'
Nothing changed
+(release.sh:231): release(): '[' 1.3.5 = master ']'
+(release.sh:235): release(): echo '=== Tagging 1.3.5'
=== Tagging 1.3.5
+(release.sh:236): release(): git tag -f 1.3.5
++(release.sh:238): release(): extract_minor_version 1.3.5
++(release.sh:129): extract_minor_version(): local version=1.3.5
+++(release.sh:130): extract_minor_version(): echo 1.3.5
+++(release.sh:130): extract_minor_version(): sed -r -n 's/([0-9]+\.[0-9]+).*/\1/p'
++(release.sh:130): extract_minor_version(): local minor_version=1.3
++(release.sh:131): extract_minor_version(): '[' 1.3 = 1.3.5 ']'
++(release.sh:135): extract_minor_version(): echo 1.3
+(release.sh:238): release(): local moving_tag=1.3
+(release.sh:239): release(): check_error 1.3
+(release.sh:121): check_error(): local msg=1.3
+(release.sh:122): check_error(): '[' 1.3 '!=' 1.3 ']'
+(release.sh:241): release(): echo '=== Moving tag 1.3'
=== Moving tag 1.3
+(release.sh:242): release(): git tag -f 1.3
+(release.sh:245): release(): git_push /data/repositories/work/syndesis/fuse-ignite-install 1.3.5 1.3
+(release.sh:91): git_push(): local topdir=/data/repositories/work/syndesis/fuse-ignite-install
+(release.sh:92): git_push(): local release_version=1.3.5
+(release.sh:93): git_push(): local moving_tag=1.3
+(release.sh:95): git_push(): cd /data/repositories/work/syndesis/fuse-ignite-install
++(release.sh:97): git_push(): hasflag --git-push
++(release.sh:42): hasflag(): filters=--git-push
++(release.sh:43): hasflag(): for var in "${ARGS[@]:-}"
++(release.sh:44): hasflag(): for filter in $filters
++(release.sh:45): hasflag(): '[' --version-syndesis = --git-push ']'
++(release.sh:43): hasflag(): for var in "${ARGS[@]:-}"
++(release.sh:44): hasflag(): for filter in $filters
++(release.sh:45): hasflag(): '[' 1.3.5 = --git-push ']'
++(release.sh:43): hasflag(): for var in "${ARGS[@]:-}"
++(release.sh:44): hasflag(): for filter in $filters
++(release.sh:45): hasflag(): '[' --version-fuse-ignite = --git-push ']'
++(release.sh:43): hasflag(): for var in "${ARGS[@]:-}"
++(release.sh:44): hasflag(): for filter in $filters
++(release.sh:45): hasflag(): '[' 1.3.5 = --git-push ']'
++(release.sh:43): hasflag(): for var in "${ARGS[@]:-}"
++(release.sh:44): hasflag(): for filter in $filters
++(release.sh:45): hasflag(): '[' --version-brew = --git-push ']'
++(release.sh:43): hasflag(): for var in "${ARGS[@]:-}"
++(release.sh:44): hasflag(): for filter in $filters
++(release.sh:45): hasflag(): '[' 1.0-1 = --git-push ']'
++(release.sh:43): hasflag(): for var in "${ARGS[@]:-}"
++(release.sh:44): hasflag(): for filter in $filters
++(release.sh:45): hasflag(): '[' --version-fuse-ignite-server = --git-push ']'
++(release.sh:43): hasflag(): for var in "${ARGS[@]:-}"
++(release.sh:44): hasflag(): for filter in $filters
++(release.sh:45): hasflag(): '[' 1.0-2 = --git-push ']'
++(release.sh:43): hasflag(): for var in "${ARGS[@]:-}"
++(release.sh:44): hasflag(): for filter in $filters
++(release.sh:45): hasflag(): '[' --version-fuse-ignite-upgrade = --git-push ']'
++(release.sh:43): hasflag(): for var in "${ARGS[@]:-}"
++(release.sh:44): hasflag(): for filter in $filters
++(release.sh:45): hasflag(): '[' 1.0-2 = --git-push ']'
++(release.sh:43): hasflag(): for var in "${ARGS[@]:-}"
++(release.sh:44): hasflag(): for filter in $filters
++(release.sh:45): hasflag(): '[' --docker-registry = --git-push ']'
++(release.sh:43): hasflag(): for var in "${ARGS[@]:-}"
++(release.sh:44): hasflag(): for filter in $filters
++(release.sh:45): hasflag(): '[' brew-pulp-docker01.web.prod.ext.phx2.redhat.com:8888 = --git-push ']'
++(release.sh:43): hasflag(): for var in "${ARGS[@]:-}"
++(release.sh:44): hasflag(): for filter in $filters
++(release.sh:45): hasflag(): '[' --docker-image-repository = --git-push ']'
++(release.sh:43): hasflag(): for var in "${ARGS[@]:-}"
++(release.sh:44): hasflag(): for filter in $filters
++(release.sh:45): hasflag(): '[' fuse7 = --git-push ']'
++(release.sh:43): hasflag(): for var in "${ARGS[@]:-}"
++(release.sh:44): hasflag(): for filter in $filters
++(release.sh:45): hasflag(): '[' --verbose = --git-push ']'
+(release.sh:97): git_push(): '[' ']'
+(release.sh:1): main(): rm -rf /tmp/tmp.sfiIyitG89
